0 info it worked if it ends with ok
1 verbose cli [ 'C:\\Program Files (x86)\\nodejs\\node.exe',
1 verbose cli   'C:\\Program Files (x86)\\nodejs\\node_modules\\npm\\bin\\npm-cli.js',
1 verbose cli   'install',
1 verbose cli   'ng-cordova',
1 verbose cli   '--save' ]
2 info using npm@2.11.3
3 info using node@v6.9.2
4 verbose install initial load of C:\Users\RanKey\Desktop\Olinguito\package.json
5 warn package.json olinguito@1.1.1 No repository field.
6 warn package.json olinguito@1.1.1 No license field.
7 verbose installManyTop reading scoped package data from C:\Users\RanKey\Desktop\Olinguito\node_modules\bower\package.json
8 verbose installManyTop reading scoped package data from C:\Users\RanKey\Desktop\Olinguito\node_modules\gulp\package.json
9 verbose installManyTop reading scoped package data from C:\Users\RanKey\Desktop\Olinguito\node_modules\gulp-concat\package.json
10 verbose installManyTop reading scoped package data from C:\Users\RanKey\Desktop\Olinguito\node_modules\gulp-minify-css\package.json
11 verbose installManyTop reading scoped package data from C:\Users\RanKey\Desktop\Olinguito\node_modules\gulp-rename\package.json
12 verbose installManyTop reading scoped package data from C:\Users\RanKey\Desktop\Olinguito\node_modules\gulp-sass\package.json
13 verbose installManyTop reading scoped package data from C:\Users\RanKey\Desktop\Olinguito\node_modules\gulp-util\package.json
14 verbose installManyTop reading scoped package data from C:\Users\RanKey\Desktop\Olinguito\node_modules\satellizer\package.json
15 verbose installManyTop reading scoped package data from C:\Users\RanKey\Desktop\Olinguito\node_modules\shelljs\package.json
16 info package.json gulp-rename@1.2.2 No license field.
17 info package.json gulp-minify-css@0.3.13 No license field.
18 info package.json gulp-util@2.2.20 No license field.
19 info package.json shelljs@0.3.0 license should be a valid SPDX license expression
20 verbose readDependencies loading dependencies from C:\Users\RanKey\Desktop\Olinguito\package.json
21 silly cache add args [ 'ng-cordova', null ]
22 verbose cache add spec ng-cordova
23 silly cache add parsed spec Result {
23 silly cache add   raw: 'ng-cordova',
23 silly cache add   scope: null,
23 silly cache add   name: 'ng-cordova',
23 silly cache add   rawSpec: '',
23 silly cache add   spec: '*',
23 silly cache add   type: 'range' }
24 silly addNamed ng-cordova@*
25 verbose addNamed "*" is a valid semver range for ng-cordova
26 silly addNameRange { name: 'ng-cordova', range: '*', hasData: false }
27 silly mapToRegistry name ng-cordova
28 silly mapToRegistry using default registry
29 silly mapToRegistry registry https://registry.npmjs.org/
30 silly mapToRegistry uri https://registry.npmjs.org/ng-cordova
31 verbose addNameRange registry:https://registry.npmjs.org/ng-cordova not in flight; fetching
32 verbose request uri https://registry.npmjs.org/ng-cordova
33 verbose request no auth needed
34 info attempt registry request try #1 at 00:46:40
35 verbose request id 9878eae2737575c7
36 http request GET https://registry.npmjs.org/ng-cordova
37 http 200 https://registry.npmjs.org/ng-cordova
38 silly get cb [ 200,
38 silly get   { server: 'nginx/1.10.1',
38 silly get     'content-type': 'application/json',
38 silly get     'last-modified': 'Wed, 06 Jul 2016 17:21:12 GMT',
38 silly get     etag: 'W/"577d3e08-7027"',
38 silly get     'content-encoding': 'gzip',
38 silly get     'cache-control': 'max-age=300',
38 silly get     'content-length': '4656',
38 silly get     'accept-ranges': 'bytes',
38 silly get     date: 'Fri, 16 Dec 2016 05:46:41 GMT',
38 silly get     via: '1.1 varnish',
38 silly get     age: '0',
38 silly get     connection: 'keep-alive',
38 silly get     'x-served-by': 'cache-iad2120-IAD',
38 silly get     'x-cache': 'MISS',
38 silly get     'x-cache-hits': '0',
38 silly get     'x-timer': 'S1481867201.254972,VS0,VE2',
38 silly get     vary: 'Accept-Encoding' } ]
39 verbose get saving ng-cordova to C:\Users\RanKey\AppData\Roaming\npm-cache\registry.npmjs.org\ng-cordova\.cache.json
40 silly addNameRange number 2 { name: 'ng-cordova', range: '*', hasData: true }
41 silly addNameRange versions [ 'ng-cordova',
41 silly addNameRange   [ '0.1.7-alpha',
41 silly addNameRange     '0.1.10-alpha',
41 silly addNameRange     '0.1.11-alpha',
41 silly addNameRange     '0.1.12-alpha',
41 silly addNameRange     '0.1.15-alpha',
41 silly addNameRange     '0.1.17-alpha',
41 silly addNameRange     '0.1.20-alpha',
41 silly addNameRange     '0.1.21-alpha',
41 silly addNameRange     '0.1.22-alpha',
41 silly addNameRange     '0.1.23-alpha',
41 silly addNameRange     '0.1.24-alpha',
41 silly addNameRange     '0.1.26-alpha',
41 silly addNameRange     '0.1.27-alpha' ] ]
42 verbose stack Error: No compatible version found: ng-cordova@'*'
42 verbose stack Valid install targets:
42 verbose stack ["0.1.7-alpha","0.1.10-alpha","0.1.11-alpha","0.1.12-alpha","0.1.15-alpha","0.1.17-alpha","0.1.20-alpha","0.1.21-alpha","0.1.22-alpha","0.1.23-alpha","0.1.24-alpha","0.1.26-alpha","0.1.27-alpha"]
42 verbose stack
42 verbose stack     at installTargetsError (C:\Program Files (x86)\nodejs\node_modules\npm\lib\cache\add-named.js:274:12)
42 verbose stack     at next (C:\Program Files (x86)\nodejs\node_modules\npm\lib\cache\add-named.js:253:17)
42 verbose stack     at setData (C:\Program Files (x86)\nodejs\node_modules\npm\lib\cache\add-named.js:230:5)
42 verbose stack     at RES (C:\Program Files (x86)\nodejs\node_modules\npm\node_modules\inflight\inflight.js:23:14)
42 verbose stack     at f (C:\Program Files (x86)\nodejs\node_modules\npm\node_modules\once\once.js:17:25)
42 verbose stack     at fixName (C:\Program Files (x86)\nodejs\node_modules\npm\lib\cache\add-named.js:29:5)
42 verbose stack     at saved (C:\Program Files (x86)\nodejs\node_modules\npm\lib\cache\caching-client.js:173:7)
42 verbose stack     at FSReqWrap.oncomplete (fs.js:123:15)
43 verbose cwd C:\Users\RanKey\Desktop\Olinguito
44 error Windows_NT 10.0.14393
45 error argv "C:\\Program Files (x86)\\nodejs\\node.exe" "C:\\Program Files (x86)\\nodejs\\node_modules\\npm\\bin\\npm-cli.js" "install" "ng-cordova" "--save"
46 error node v6.9.2
47 error npm  v2.11.3
48 error code ETARGET
49 error notarget No compatible version found: ng-cordova@'*'
49 error notarget Valid install targets:
49 error notarget ["0.1.7-alpha","0.1.10-alpha","0.1.11-alpha","0.1.12-alpha","0.1.15-alpha","0.1.17-alpha","0.1.20-alpha","0.1.21-alpha","0.1.22-alpha","0.1.23-alpha","0.1.24-alpha","0.1.26-alpha","0.1.27-alpha"]
49 error notarget
49 error notarget This is most likely not a problem with npm itself.
49 error notarget In most cases you or one of your dependencies are requesting
49 error notarget a package version that doesn't exist.
49 error notarget
49 error notarget It was specified as a dependency of 'olinguito'
50 verbose exit [ 1, true ]
